C:\Program Files\Microsoft Visual Studio\2022\Community\MSBuild\Microsoft\VC\v170\Microsoft.CppBuild.targets(531,5): warning MSB8028: The intermediate directory (C:\Users\adani\Desktop\fusion-main\fusion\build\etc\) contains files shared from another project (fusion.vcxproj).  This can lead to incorrect clean and rebuild behavior.
  friends.cpp
C:\Users\adani\Desktop\fusion-main\fusion\src\base\moduleManager\commonData.h(45,24): warning C4305: 'initializing': truncation from 'double' to 'float'
C:\Users\adani\Desktop\fusion-main\fusion\src\base\moduleManager\modules\combat\friends.cpp(18,13): warning C4244: 'initializing': conversion from '_Rep' to 'long', possible loss of data
          with
          [
              _Rep=__int64
          ]
C:\Users\adani\Desktop\fusion-main\fusion\src\base\moduleManager\modules\combat\friends.cpp(53,10): warning C4267: 'initializing': conversion from 'size_t' to 'int', possible loss of data
  throwpot.cpp
C:\Users\adani\Desktop\fusion-main\fusion\src\base\moduleManager\commonData.h(45,24): warning C4305: 'initializing': truncation from 'double' to 'float'
C:\Users\adani\Desktop\fusion-main\fusion\src\base\moduleManager\modules\combat\throwpot.cpp(23,13): warning C4244: 'initializing': conversion from '_Rep' to 'long', possible loss of data
          with
          [
              _Rep=__int64
          ]
  ItemStack.cpp
  rightAutoClicker.cpp
C:\Users\adani\Desktop\fusion-main\fusion\src\base\moduleManager\modules\clicker\rightAutoClicker.cpp(24,13): warning C4244: 'initializing': conversion from '_Rep' to 'long', possible loss of data
          with
          [
              _Rep=__int64
          ]
C:\Users\adani\Desktop\fusion-main\fusion\src\base\moduleManager\modules\clicker\rightAutoClicker.cpp(38,56): warning C4244: 'argument': conversion from 'float' to '_Ty', possible loss of data
          with
          [
              _Ty=int
          ]
C:\Users\adani\Desktop\fusion-main\fusion\src\base\moduleManager\modules\clicker\rightAutoClicker.cpp(38,43): warning C4244: 'argument': conversion from 'float' to '_Ty', possible loss of data
          with
          [
              _Ty=int
          ]
  leftAutoClicker.cpp
C:\Users\adani\Desktop\fusion-main\fusion\src\base\moduleManager\modules\clicker\leftAutoClicker.cpp(20,13): warning C4244: 'initializing': conversion from '_Rep' to 'long', possible loss of data
          with
          [
              _Rep=__int64
          ]
C:\Users\adani\Desktop\fusion-main\fusion\src\base\moduleManager\modules\clicker\leftAutoClicker.cpp(34,90): warning C4244: 'argument': conversion from 'float' to '_Ty', possible loss of data
          with
          [
              _Ty=int
          ]
C:\Users\adani\Desktop\fusion-main\fusion\src\base\moduleManager\modules\clicker\leftAutoClicker.cpp(34,60): warning C4244: 'argument': conversion from 'float' to '_Ty', possible loss of data
          with
          [
              _Ty=int
          ]
  InventoryPlayer.cpp
  MovingObjectPosition.cpp
  AxisAlignedBB.cpp
  reach.cpp
C:\Users\adani\Desktop\fusion-main\fusion\src\base\moduleManager\commonData.h(45,24): warning C4305: 'initializing': truncation from 'double' to 'float'
  GameSettings.cpp
  borderless.cpp
  aimAssist.cpp
C:\Users\adani\Desktop\fusion-main\fusion\src\base\moduleManager\commonData.h(45,24): warning C4305: 'initializing': truncation from 'double' to 'float'
C:\Users\adani\Desktop\fusion-main\fusion\src\base\moduleManager\modules\combat\aimAssist.cpp(62,23): warning C4244: 'initializing': conversion from 'double' to 'float', possible loss of data
C:\Users\adani\Desktop\fusion-main\fusion\src\base\moduleManager\modules\combat\aimAssist.cpp(78,15): warning C4244: 'initializing': conversion from 'double' to 'float', possible loss of data
C:\Users\adani\Desktop\fusion-main\fusion\src\base\moduleManager\modules\combat\aimAssist.cpp(121,16): warning C4244: 'initializing': conversion from 'double' to 'float', possible loss of data
C:\Users\adani\Desktop\fusion-main\fusion\src\base\moduleManager\modules\combat\aimAssist.cpp(161,34): warning C4305: 'argument': truncation from 'double' to 'const float'
C:\Users\adani\Desktop\fusion-main\fusion\src\base\moduleManager\modules\combat\aimAssist.cpp(166,34): warning C4305: 'argument': truncation from 'double' to 'const float'
C:\Users\adani\Desktop\fusion-main\fusion\src\base\moduleManager\modules\combat\aimAssist.cpp(187,22): warning C4244: 'initializing': conversion from 'double' to 'float', possible loss of data
C:\Users\adani\Desktop\fusion-main\fusion\src\base\moduleManager\modules\combat\aimAssist.cpp(189,139): warning C4244: 'argument': conversion from 'float' to 'int', possible loss of data
C:\Users\adani\Desktop\fusion-main\fusion\src\base\moduleManager\modules\combat\aimAssist.cpp(197,114): warning C4244: 'argument': conversion from 'float' to 'int', possible loss of data
C:\Users\adani\Desktop\fusion-main\fusion\src\base\moduleManager\modules\combat\aimAssist.cpp(197,100): warning C4244: 'argument': conversion from 'float' to 'int', possible loss of data
C:\Users\adani\Desktop\fusion-main\fusion\src\base\moduleManager\modules\combat\aimAssist.cpp(222,29): warning C4305: 'argument': truncation from '__int64' to 'int'
C:\Users\adani\Desktop\fusion-main\fusion\src\base\moduleManager\modules\combat\aimAssist.cpp(222,29): warning C4309: 'argument': truncation of constant value
C:\Users\adani\Desktop\fusion-main\fusion\src\base\moduleManager\modules\combat\aimAssist.cpp(226,23): warning C4305: 'argument': truncation from '__int64' to 'int'
C:\Users\adani\Desktop\fusion-main\fusion\src\base\moduleManager\modules\combat\aimAssist.cpp(226,23): warning C4309: 'argument': truncation of constant value
C:\Users\adani\Desktop\fusion-main\fusion\src\base\moduleManager\modules\combat\aimAssist.cpp(228,23): warning C4305: 'argument': truncation from '__int64' to 'int'
C:\Users\adani\Desktop\fusion-main\fusion\src\base\moduleManager\modules\combat\aimAssist.cpp(228,23): warning C4309: 'argument': truncation of constant value
C:\Users\adani\Desktop\fusion-main\fusion\src\base\moduleManager\modules\combat\aimAssist.cpp(230,29): warning C4305: 'argument': truncation from '__int64' to 'int'
C:\Users\adani\Desktop\fusion-main\fusion\src\base\moduleManager\modules\combat\aimAssist.cpp(230,29): warning C4309: 'argument': truncation of constant value
C:\Users\adani\Desktop\fusion-main\fusion\src\base\moduleManager\modules\combat\aimAssist.cpp(238,58): warning C4305: 'argument': truncation from 'double' to 'float'
C:\Users\adani\Desktop\fusion-main\fusion\src\base\moduleManager\modules\combat\aimAssist.cpp(238,52): warning C4305: 'argument': truncation from 'double' to 'float'
C:\Users\adani\Desktop\fusion-main\fusion\src\base\moduleManager\modules\combat\aimAssist.cpp(239,65): warning C4305: 'argument': truncation from 'double' to 'float'
C:\Users\adani\Desktop\fusion-main\fusion\src\base\moduleManager\modules\combat\aimAssist.cpp(239,59): warning C4305: 'argument': truncation from 'double' to 'float'
C:\Users\adani\Desktop\fusion-main\fusion\src\base\moduleManager\modules\combat\aimAssist.cpp(240,63): warning C4305: 'argument': truncation from 'double' to 'float'
C:\Users\adani\Desktop\fusion-main\fusion\src\base\moduleManager\modules\combat\aimAssist.cpp(240,58): warning C4305: 'argument': truncation from 'double' to 'float'
C:\Users\adani\Desktop\fusion-main\fusion\src\base\moduleManager\modules\combat\aimAssist.cpp(249,29): warning C4305: 'argument': truncation from '__int64' to 'int'
C:\Users\adani\Desktop\fusion-main\fusion\src\base\moduleManager\modules\combat\aimAssist.cpp(249,29): warning C4309: 'argument': truncation of constant value
C:\Users\adani\Desktop\fusion-main\fusion\src\base\moduleManager\modules\combat\aimAssist.cpp(254,23): warning C4309: 'argument': truncation of constant value
C:\Users\adani\Desktop\fusion-main\fusion\src\base\moduleManager\modules\combat\aimAssist.cpp(255,23): warning C4305: 'argument': truncation from '__int64' to 'int'
C:\Users\adani\Desktop\fusion-main\fusion\src\base\moduleManager\modules\combat\aimAssist.cpp(255,23): warning C4309: 'argument': truncation of constant value
C:\Users\adani\Desktop\fusion-main\fusion\src\base\moduleManager\modules\combat\aimAssist.cpp(259,29): warning C4305: 'argument': truncation from '__int64' to 'int'
C:\Users\adani\Desktop\fusion-main\fusion\src\base\moduleManager\modules\combat\aimAssist.cpp(259,29): warning C4309: 'argument': truncation of constant value
C:\Users\adani\Desktop\fusion-main\fusion\src\base\moduleManager\modules\combat\aimAssist.cpp(260,29): warning C4305: 'argument': truncation from '__int64' to 'int'
C:\Users\adani\Desktop\fusion-main\fusion\src\base\moduleManager\modules\combat\aimAssist.cpp(260,29): warning C4309: 'argument': truncation of constant value
  esp.cpp
C:\Users\adani\Desktop\fusion-main\fusion\src\base\moduleManager\commonData.h(45,24): warning C4305: 'initializing': truncation from 'double' to 'float'
C:\Users\adani\Desktop\fusion-main\fusion\src\base\moduleManager\modules\visual\esp.cpp(65,14): warning C4244: 'initializing': conversion from 'double' to 'float', possible loss of data
C:\Users\adani\Desktop\fusion-main\fusion\src\base\moduleManager\modules\visual\esp.cpp(85,26): warning C4305: '/=': truncation from 'double' to 'float'
C:\Users\adani\Desktop\fusion-main\fusion\src\base\moduleManager\modules\visual\esp.cpp(218,23): warning C4244: 'initializing': conversion from 'double' to 'float', possible loss of data
  RenderManager.cpp
  FloatBuffer.cpp
  ActiveRenderInfo.cpp
  Set.cpp
  EntityLivingBase.cpp
  List.cpp
  EntityPlayer.cpp
  Generating Code...
  Compiling...
  moduleManager.cpp
C:\Users\adani\Desktop\fusion-main\fusion\src\base\moduleManager\commonData.h(45,24): warning C4305: 'initializing': truncation from 'double' to 'float'
  imgui.cpp
  imgui_demo.cpp
  imgui_draw.cpp
  imgui_impl_opengl2.cpp
  imgui_impl_win32.cpp
  imgui_tables.cpp
  imgui_widgets.cpp
C:\Users\adani\Desktop\fusion-main\fusion\ext\imgui\imgui_widgets.cpp(3048,167): warning C4244: 'argument': conversion from 'const float' to 'ImDrawFlags', possible loss of data
  wglSwapBuffers.cpp
C:\Users\adani\Desktop\fusion-main\fusion\src\base\menu\hooks\wglSwapBuffers.cpp(126,61): warning C4305: 'argument': truncation from 'double' to 'float'
C:\Users\adani\Desktop\fusion-main\fusion\src\base\menu\hooks\wglSwapBuffers.cpp(131,60): warning C4305: 'argument': truncation from 'double' to 'float'
C:\Users\adani\Desktop\fusion-main\fusion\src\base\menu\hooks\wglSwapBuffers.cpp(132,67): warning C4305: 'argument': truncation from 'double' to 'float'
C:\Users\adani\Desktop\fusion-main\fusion\src\base\menu\hooks\wglSwapBuffers.cpp(133,66): warning C4305: 'argument': truncation from 'double' to 'float'
C:\Users\adani\Desktop\fusion-main\fusion\src\base\menu\hooks\wglSwapBuffers.cpp(134,60): warning C4305: 'argument': truncation from 'double' to 'float'
C:\Users\adani\Desktop\fusion-main\fusion\src\base\menu\hooks\wglSwapBuffers.cpp(135,66): warning C4305: 'argument': truncation from 'double' to 'float'
C:\Users\adani\Desktop\fusion-main\fusion\src\base\menu\hooks\wglSwapBuffers.cpp(136,69): warning C4305: 'argument': truncation from 'double' to 'float'
C:\Users\adani\Desktop\fusion-main\fusion\src\base\menu\hooks\wglSwapBuffers.cpp(143,39): warning C4305: 'argument': truncation from 'double' to 'float'
C:\Users\adani\Desktop\fusion-main\fusion\src\base\menu\hooks\wglSwapBuffers.cpp(151,59): warning C4305: 'argument': truncation from 'double' to 'float'
  wndProc.cpp
  renderMenu.cpp
C:\Users\adani\Desktop\fusion-main\fusion\src\base\menu\renderMenu.cpp(55,59): warning C4305: 'argument': truncation from 'double' to 'float'
C:\Users\adani\Desktop\fusion-main\fusion\src\base\menu\renderMenu.cpp(55,54): warning C4305: 'argument': truncation from 'double' to 'float'
C:\Users\adani\Desktop\fusion-main\fusion\src\base\menu\renderMenu.cpp(55,48): warning C4305: 'argument': truncation from 'double' to 'float'
C:\Users\adani\Desktop\fusion-main\fusion\src\base\menu\renderMenu.cpp(56,66): warning C4305: 'argument': truncation from 'double' to 'float'
C:\Users\adani\Desktop\fusion-main\fusion\src\base\menu\renderMenu.cpp(56,61): warning C4305: 'argument': truncation from 'double' to 'float'
C:\Users\adani\Desktop\fusion-main\fusion\src\base\menu\renderMenu.cpp(56,55): warning C4305: 'argument': truncation from 'double' to 'float'
C:\Users\adani\Desktop\fusion-main\fusion\src\base\menu\renderMenu.cpp(57,62): warning C4305: 'argument': truncation from 'double' to 'float'
C:\Users\adani\Desktop\fusion-main\fusion\src\base\menu\renderMenu.cpp(57,57): warning C4305: 'argument': truncation from 'double' to 'float'
  menu.cpp
  renderLoop.cpp
  String.cpp
  EntityPlayerSP.cpp
  Minecraft.cpp
  Entity.cpp
  sdk.cpp
  logger.cpp
  java.cpp
  Generating Code...
  Compiling...
  base.cpp
  math.cpp
C:\Users\adani\Desktop\fusion-main\fusion\src\base\util\math\math.cpp(65,33): warning C4244: 'argument': conversion from 'double' to 'float', possible loss of data
C:\Users\adani\Desktop\fusion-main\fusion\src\base\util\math\math.cpp(66,30): warning C4244: 'argument': conversion from 'double' to 'float', possible loss of data
C:\Users\adani\Desktop\fusion-main\fusion\src\base\util\math\math.cpp(73,19): warning C4244: 'return': conversion from 'double' to 'float', possible loss of data
C:\Users\adani\Desktop\fusion-main\fusion\src\base\util\math\math.cpp(78,16): warning C4244: 'return': conversion from 'double' to 'float', possible loss of data
  worldToScreen.cpp
  main.cpp
  World.cpp
  WorldClient.cpp
  Timer.cpp
  Vec3.cpp
  Generating Code...
  buffer.c
  hde32.c
  hde64.c
  hook.c
  trampoline.c
  Generating Code...
  LINK : C:\Users\adani\Desktop\fusion-main\fusion\build\void.dll not found or not built by the last incremental link; performing full link
  fusion.vcxproj -> C:\Users\adani\Desktop\fusion-main\fusion\build\void.dll
